[2025-06-14T15:05:19.548+0000] {local_task_job_runner.py:120} INFO - ::group::Pre task execution logs
[2025-06-14T15:05:19.599+0000] {taskinstance.py:2076} INFO - Dependencies all met for dep_context=non-requeueable deps ti=<TaskInstance: globalsuperstore.transform.transform_dim_products manual__2025-06-14T15:04:57.725205+00:00 [queued]>
[2025-06-14T15:05:19.607+0000] {taskinstance.py:2076} INFO - Dependencies all met for dep_context=requeueable deps ti=<TaskInstance: globalsuperstore.transform.transform_dim_products manual__2025-06-14T15:04:57.725205+00:00 [queued]>
[2025-06-14T15:05:19.609+0000] {taskinstance.py:2306} INFO - Starting attempt 1 of 1
[2025-06-14T15:05:19.624+0000] {taskinstance.py:2330} INFO - Executing <Task(PythonOperator): transform.transform_dim_products> on 2025-06-14 15:04:57.725205+00:00
[2025-06-14T15:05:19.632+0000] {standard_task_runner.py:63} INFO - Started process 1196 to run task
[2025-06-14T15:05:19.637+0000] {standard_task_runner.py:90} INFO - Running: ['***', 'tasks', 'run', 'globalsuperstore', 'transform.transform_dim_products', 'manual__2025-06-14T15:04:57.725205+00:00', '--job-id', '39', '--raw', '--subdir', 'DAGS_FOLDER/global_superstore_dw_etl.py', '--cfg-path', '/tmp/tmpq93qoooz']
[2025-06-14T15:05:19.642+0000] {standard_task_runner.py:91} INFO - Job 39: Subtask transform.transform_dim_products
[2025-06-14T15:05:19.703+0000] {task_command.py:426} INFO - Running <TaskInstance: globalsuperstore.transform.transform_dim_products manual__2025-06-14T15:04:57.725205+00:00 [running]> on host f3cca4675eb8
[2025-06-14T15:05:19.794+0000] {taskinstance.py:2648} INFO - Exporting env vars: AIRFLOW_CTX_DAG_OWNER='***' AIRFLOW_CTX_DAG_ID='globalsuperstore' AIRFLOW_CTX_TASK_ID='transform.transform_dim_products' AIRFLOW_CTX_EXECUTION_DATE='2025-06-14T15:04:57.725205+00:00' AIRFLOW_CTX_TRY_NUMBER='1' AIRFLOW_CTX_DAG_RUN_ID='manual__2025-06-14T15:04:57.725205+00:00'
[2025-06-14T15:05:19.796+0000] {taskinstance.py:430} INFO - ::endgroup::
[2025-06-14T15:05:19.828+0000] {base.py:84} INFO - Using connection ID 'postgres' for task execution.
[2025-06-14T15:05:19.833+0000] {base.py:84} INFO - Using connection ID 'postgres' for task execution.
[2025-06-14T15:05:19.839+0000] {base.py:84} INFO - Using connection ID 'postgres' for task execution.
[2025-06-14T15:05:19.865+0000] {logging_mixin.py:188} WARNING - /home/***/.local/lib/python3.10/site-packages/***/providers/common/sql/hooks/sql.py:263 UserWarning: pandas only supports SQLAlchemy connectable (engine/connection) or database string URI or sqlite3 DBAPI2 connection. Other DBAPI2 objects are not tested. Please consider using SQLAlchemy.
[2025-06-14T15:05:19.942+0000] {base.py:84} INFO - Using connection ID 'postgres' for task execution.
[2025-06-14T15:05:19.947+0000] {logging_mixin.py:188} WARNING - /home/***/.local/lib/python3.10/site-packages/***/providers/common/sql/hooks/sql.py:263 UserWarning: pandas only supports SQLAlchemy connectable (engine/connection) or database string URI or sqlite3 DBAPI2 connection. Other DBAPI2 objects are not tested. Please consider using SQLAlchemy.
[2025-06-14T15:05:19.954+0000] {base.py:84} INFO - Using connection ID 'postgres' for task execution.
[2025-06-14T15:05:19.958+0000] {logging_mixin.py:188} WARNING - /home/***/.local/lib/python3.10/site-packages/***/providers/common/sql/hooks/sql.py:263 UserWarning: pandas only supports SQLAlchemy connectable (engine/connection) or database string URI or sqlite3 DBAPI2 connection. Other DBAPI2 objects are not tested. Please consider using SQLAlchemy.
[2025-06-14T15:05:19.995+0000] {taskinstance.py:441} INFO - ::group::Post task execution logs
[2025-06-14T15:05:19.997+0000] {taskinstance.py:2905} ERROR - Task failed with exception
Traceback (most recent call last):
  File "/home/airflow/.local/lib/python3.10/site-packages/airflow/models/taskinstance.py", line 465, in _execute_task
    result = _execute_callable(context=context, **execute_callable_kwargs)
  File "/home/airflow/.local/lib/python3.10/site-packages/airflow/models/taskinstance.py", line 432, in _execute_callable
    return execute_callable(context=context, **execute_callable_kwargs)
  File "/home/airflow/.local/lib/python3.10/site-packages/airflow/models/baseoperator.py", line 401, in wrapper
    return func(self, *args, **kwargs)
  File "/home/airflow/.local/lib/python3.10/site-packages/airflow/operators/python.py", line 235, in execute
    return_value = self.execute_callable()
  File "/home/airflow/.local/lib/python3.10/site-packages/airflow/operators/python.py", line 252, in execute_callable
    return self.python_callable(*self.op_args, **self.op_kwargs)
  File "/opt/airflow/dags/transform_dim_products.py", line 36, in transform_dim_products
    dim_df['Product_ID'] = dim_df['Product_ID'].astype(int)
  File "/home/airflow/.local/lib/python3.10/site-packages/pandas/core/generic.py", line 6240, in astype
    new_data = self._mgr.astype(dtype=dtype, copy=copy, errors=errors)
  File "/home/airflow/.local/lib/python3.10/site-packages/pandas/core/internals/managers.py", line 448, in astype
    return self.apply("astype", dtype=dtype, copy=copy, errors=errors)
  File "/home/airflow/.local/lib/python3.10/site-packages/pandas/core/internals/managers.py", line 352, in apply
    applied = getattr(b, f)(**kwargs)
  File "/home/airflow/.local/lib/python3.10/site-packages/pandas/core/internals/blocks.py", line 526, in astype
    new_values = astype_array_safe(values, dtype, copy=copy, errors=errors)
  File "/home/airflow/.local/lib/python3.10/site-packages/pandas/core/dtypes/astype.py", line 299, in astype_array_safe
    new_values = astype_array(values, dtype, copy=copy)
  File "/home/airflow/.local/lib/python3.10/site-packages/pandas/core/dtypes/astype.py", line 230, in astype_array
    values = astype_nansafe(values, dtype, copy=copy)
  File "/home/airflow/.local/lib/python3.10/site-packages/pandas/core/dtypes/astype.py", line 170, in astype_nansafe
    return arr.astype(dtype, copy=True)
ValueError: invalid literal for int() with base 10: 'FUR-ADV-10000002'
[2025-06-14T15:05:20.010+0000] {taskinstance.py:1206} INFO - Marking task as FAILED. dag_id=globalsuperstore, task_id=transform.transform_dim_products, run_id=manual__2025-06-14T15:04:57.725205+00:00, execution_date=20250614T150457, start_date=20250614T150519, end_date=20250614T150520
[2025-06-14T15:05:20.019+0000] {standard_task_runner.py:110} ERROR - Failed to execute job 39 for task transform.transform_dim_products (invalid literal for int() with base 10: 'FUR-ADV-10000002'; 1196)
[2025-06-14T15:05:20.055+0000] {local_task_job_runner.py:240} INFO - Task exited with return code 1
[2025-06-14T15:05:20.067+0000] {taskinstance.py:3503} INFO - 0 downstream tasks scheduled from follow-on schedule check
[2025-06-14T15:05:20.069+0000] {local_task_job_runner.py:222} INFO - ::endgroup::
