[2025-06-15T08:44:50.644+0000] {local_task_job_runner.py:120} INFO - ::group::Pre task execution logs
[2025-06-15T08:44:51.799+0000] {taskinstance.py:2076} INFO - Dependencies all met for dep_context=non-requeueable deps ti=<TaskInstance: globalsuperstore.extract.extract_and_load_to_staging scheduled__2024-11-06T00:00:00+00:00 [queued]>
[2025-06-15T08:44:51.865+0000] {taskinstance.py:2076} INFO - Dependencies all met for dep_context=requeueable deps ti=<TaskInstance: globalsuperstore.extract.extract_and_load_to_staging scheduled__2024-11-06T00:00:00+00:00 [queued]>
[2025-06-15T08:44:51.875+0000] {taskinstance.py:2306} INFO - Starting attempt 1 of 1
[2025-06-15T08:44:53.254+0000] {taskinstance.py:2330} INFO - Executing <Task(PythonOperator): extract.extract_and_load_to_staging> on 2024-11-06 00:00:00+00:00
[2025-06-15T08:44:53.298+0000] {standard_task_runner.py:63} INFO - Started process 1307 to run task
[2025-06-15T08:44:53.326+0000] {standard_task_runner.py:90} INFO - Running: ['***', 'tasks', 'run', 'globalsuperstore', 'extract.extract_and_load_to_staging', 'scheduled__2024-11-06T00:00:00+00:00', '--job-id', '122', '--raw', '--subdir', 'DAGS_FOLDER/global_superstore_dw_etl.py', '--cfg-path', '/tmp/tmpan3pbc1h']
[2025-06-15T08:44:53.367+0000] {standard_task_runner.py:91} INFO - Job 122: Subtask extract.extract_and_load_to_staging
[2025-06-15T08:44:53.608+0000] {task_command.py:426} INFO - Running <TaskInstance: globalsuperstore.extract.extract_and_load_to_staging scheduled__2024-11-06T00:00:00+00:00 [running]> on host f3cca4675eb8
[2025-06-15T08:44:55.907+0000] {taskinstance.py:2648} INFO - Exporting env vars: AIRFLOW_CTX_DAG_OWNER='***' AIRFLOW_CTX_DAG_ID='globalsuperstore' AIRFLOW_CTX_TASK_ID='extract.extract_and_load_to_staging' AIRFLOW_CTX_EXECUTION_DATE='2024-11-06T00:00:00+00:00' AIRFLOW_CTX_TRY_NUMBER='1' AIRFLOW_CTX_DAG_RUN_ID='scheduled__2024-11-06T00:00:00+00:00'
[2025-06-15T08:44:55.910+0000] {taskinstance.py:430} INFO - ::endgroup::
[2025-06-15T08:44:55.981+0000] {base.py:84} INFO - Using connection ID 'postgres' for task execution.
[2025-06-15T08:44:55.999+0000] {base.py:84} INFO - Using connection ID 'mysql' for task execution.
[2025-06-15T08:44:56.068+0000] {logging_mixin.py:188} WARNING - /home/***/.local/lib/python3.10/site-packages/***/providers/common/sql/hooks/sql.py:263 UserWarning: pandas only supports SQLAlchemy connectable (engine/connection) or database string URI or sqlite3 DBAPI2 connection. Other DBAPI2 objects are not tested. Please consider using SQLAlchemy.
[2025-06-15T08:44:56.375+0000] {taskinstance.py:441} INFO - ::group::Post task execution logs
[2025-06-15T08:44:56.376+0000] {taskinstance.py:2905} ERROR - Task failed with exception
Traceback (most recent call last):
  File "/home/airflow/.local/lib/python3.10/site-packages/sqlalchemy/engine/base.py", line 1910, in _execute_context
    self.dialect.do_execute(
  File "/home/airflow/.local/lib/python3.10/site-packages/sqlalchemy/engine/default.py", line 736, in do_execute
    cursor.execute(statement, parameters)
psycopg2.errors.UndefinedTable: relation "staging.stg_Category" does not exist
LINE 1: INSERT INTO staging."stg_Category" (category_id, category_na...
                    ^


The above exception was the direct cause of the following exception:

Traceback (most recent call last):
  File "/home/airflow/.local/lib/python3.10/site-packages/airflow/models/taskinstance.py", line 465, in _execute_task
    result = _execute_callable(context=context, **execute_callable_kwargs)
  File "/home/airflow/.local/lib/python3.10/site-packages/airflow/models/taskinstance.py", line 432, in _execute_callable
    return execute_callable(context=context, **execute_callable_kwargs)
  File "/home/airflow/.local/lib/python3.10/site-packages/airflow/models/baseoperator.py", line 401, in wrapper
    return func(self, *args, **kwargs)
  File "/home/airflow/.local/lib/python3.10/site-packages/airflow/operators/python.py", line 235, in execute
    return_value = self.execute_callable()
  File "/home/airflow/.local/lib/python3.10/site-packages/airflow/operators/python.py", line 252, in execute_callable
    return self.python_callable(*self.op_args, **self.op_kwargs)
  File "/opt/airflow/dags/extract_data.py", line 27, in extract_and_load_to_staging
    staging_operator.save_data_to_postgres(
  File "/opt/airflow/plugins/postgresql_operator.py", line 24, in save_data_to_postgres
    df.to_sql(
  File "/home/airflow/.local/lib/python3.10/site-packages/pandas/core/generic.py", line 2987, in to_sql
    return sql.to_sql(
  File "/home/airflow/.local/lib/python3.10/site-packages/pandas/io/sql.py", line 695, in to_sql
    return pandas_sql.to_sql(
  File "/home/airflow/.local/lib/python3.10/site-packages/pandas/io/sql.py", line 1738, in to_sql
    total_inserted = sql_engine.insert_records(
  File "/home/airflow/.local/lib/python3.10/site-packages/pandas/io/sql.py", line 1335, in insert_records
    raise err
  File "/home/airflow/.local/lib/python3.10/site-packages/pandas/io/sql.py", line 1325, in insert_records
    return table.insert(chunksize=chunksize, method=method)
  File "/home/airflow/.local/lib/python3.10/site-packages/pandas/io/sql.py", line 946, in insert
    num_inserted = exec_insert(conn, keys, chunk_iter)
  File "/home/airflow/.local/lib/python3.10/site-packages/pandas/io/sql.py", line 869, in _execute_insert_multi
    result = conn.execute(stmt)
  File "/home/airflow/.local/lib/python3.10/site-packages/sqlalchemy/engine/base.py", line 1385, in execute
    return meth(self, multiparams, params, _EMPTY_EXECUTION_OPTS)
  File "/home/airflow/.local/lib/python3.10/site-packages/sqlalchemy/sql/elements.py", line 334, in _execute_on_connection
    return connection._execute_clauseelement(
  File "/home/airflow/.local/lib/python3.10/site-packages/sqlalchemy/engine/base.py", line 1577, in _execute_clauseelement
    ret = self._execute_context(
  File "/home/airflow/.local/lib/python3.10/site-packages/sqlalchemy/engine/base.py", line 1953, in _execute_context
    self._handle_dbapi_exception(
  File "/home/airflow/.local/lib/python3.10/site-packages/sqlalchemy/engine/base.py", line 2134, in _handle_dbapi_exception
    util.raise_(
  File "/home/airflow/.local/lib/python3.10/site-packages/sqlalchemy/util/compat.py", line 211, in raise_
    raise exception
  File "/home/airflow/.local/lib/python3.10/site-packages/sqlalchemy/engine/base.py", line 1910, in _execute_context
    self.dialect.do_execute(
  File "/home/airflow/.local/lib/python3.10/site-packages/sqlalchemy/engine/default.py", line 736, in do_execute
    cursor.execute(statement, parameters)
sqlalchemy.exc.ProgrammingError: (psycopg2.errors.UndefinedTable) relation "staging.stg_Category" does not exist
LINE 1: INSERT INTO staging."stg_Category" (category_id, category_na...
                    ^

[SQL: INSERT INTO staging."stg_Category" (category_id, category_name) VALUES (%(category_id_m0)s, %(category_name_m0)s), (%(category_id_m1)s, %(category_name_m1)s), (%(category_id_m2)s, %(category_name_m2)s)]
[parameters: {'category_id_m0': 1, 'category_name_m0': 'Technology', 'category_id_m1': 2, 'category_name_m1': 'Furniture', 'category_id_m2': 3, 'category_name_m2': 'Office Supplies'}]
(Background on this error at: https://sqlalche.me/e/14/f405)
[2025-06-15T08:44:56.484+0000] {taskinstance.py:1206} INFO - Marking task as FAILED. dag_id=globalsuperstore, task_id=extract.extract_and_load_to_staging, run_id=scheduled__2024-11-06T00:00:00+00:00, execution_date=20241106T000000, start_date=20250615T084451, end_date=20250615T084456
[2025-06-15T08:44:56.543+0000] {standard_task_runner.py:110} ERROR - Failed to execute job 122 for task extract.extract_and_load_to_staging ((psycopg2.errors.UndefinedTable) relation "staging.stg_Category" does not exist
LINE 1: INSERT INTO staging."stg_Category" (category_id, category_na...
                    ^

[SQL: INSERT INTO staging."stg_Category" (category_id, category_name) VALUES (%(category_id_m0)s, %(category_name_m0)s), (%(category_id_m1)s, %(category_name_m1)s), (%(category_id_m2)s, %(category_name_m2)s)]
[parameters: {'category_id_m0': 1, 'category_name_m0': 'Technology', 'category_id_m1': 2, 'category_name_m1': 'Furniture', 'category_id_m2': 3, 'category_name_m2': 'Office Supplies'}]
(Background on this error at: https://sqlalche.me/e/14/f405); 1307)
[2025-06-15T08:44:56.635+0000] {local_task_job_runner.py:240} INFO - Task exited with return code 1
[2025-06-15T08:44:56.675+0000] {taskinstance.py:3503} INFO - 0 downstream tasks scheduled from follow-on schedule check
[2025-06-15T08:44:56.694+0000] {local_task_job_runner.py:222} INFO - ::endgroup::
